<?xml version="1.0" encoding="UTF-8"?>
<!-- Generated by org.testng.reporters.JUnitXMLReporter -->
<testsuite ignored="4" hostname="DESKTOP-2GJOG4E" failures="0" tests="2" name="Test" time="61.319" errors="0" timestamp="2022-02-26T06:43:17 IST">
  <testcase classname="TESTNG.Alphabet" name="ABC" time="23.348"/>
  <testcase classname="TESTNG.PriorityEnabled" name="login" time="19.849"/>
  <testcase classname="TESTNG.Alphabet" name="ACB" time="0.0">
    <ignored/>
  </testcase> <!-- ACB -->
  <testcase classname="TESTNG.Alphabet" name="BCA" time="0.0">
    <ignored/>
  </testcase> <!-- BCA -->
  <testcase classname="TESTNG.PriorityEnabled" name="login_one" time="0.0">
    <ignored/>
  </testcase> <!-- login_one -->
  <testcase classname="TESTNG.PriorityEnabled" name="login_two" time="0.0">
    <ignored/>
  </testcase> <!-- login_two -->
</testsuite> <!-- Test -->
