<?xml version="1.0" encoding="UTF-8"?>
<testng-results ignored="4" total="6" passed="2" failed="0" skipped="0">
  <reporter-output>
  </reporter-output>
  <suite started-at="2022-02-26T06:42:15 IST" name="Suite" finished-at="2022-02-26T06:43:17 IST" duration-ms="61319">
    <groups>
    </groups>
    <test started-at="2022-02-26T06:42:15 IST" name="Test" finished-at="2022-02-26T06:43:17 IST" duration-ms="61319">
      <class name="TESTNG.PriorityEnabled">
        <test-method is-config="true" signature="openbrowser()[pri:0, instance:TESTNG.PriorityEnabled@4a94ee4]" started-at="2022-02-26T06:42:14 IST" name="openbrowser" finished-at="2022-02-26T06:42:15 IST" duration-ms="1563" status="PASS">
          <reporter-output>
          </reporter-output>
        </test-method> <!-- openbrowser -->
        <test-method is-config="true" signature="enterURL()[pri:0, instance:TESTNG.PriorityEnabled@4a94ee4]" started-at="2022-02-26T06:42:23 IST" name="enterURL" finished-at="2022-02-26T06:42:33 IST" duration-ms="9556" status="PASS">
          <reporter-output>
          </reporter-output>
        </test-method> <!-- enterURL -->
        <test-method is-config="true" signature="maxbrowser()[pri:0, instance:TESTNG.PriorityEnabled@4a94ee4]" started-at="2022-02-26T06:42:56 IST" name="maxbrowser" finished-at="2022-02-26T06:42:57 IST" duration-ms="223" status="PASS">
          <reporter-output>
          </reporter-output>
        </test-method> <!-- maxbrowser -->
        <test-method is-config="true" signature="getcookies()[pri:0, instance:TESTNG.PriorityEnabled@4a94ee4]" started-at="2022-02-26T06:42:57 IST" name="getcookies" finished-at="2022-02-26T06:42:57 IST" duration-ms="3" status="PASS">
          <reporter-output>
          </reporter-output>
        </test-method> <!-- getcookies -->
        <test-method signature="login()[pri:0, instance:TESTNG.PriorityEnabled@4a94ee4]" started-at="2022-02-26T06:42:57 IST" name="login" finished-at="2022-02-26T06:43:17 IST" duration-ms="19849" status="PASS">
          <reporter-output>
          </reporter-output>
        </test-method> <!-- login -->
        <test-method is-config="true" signature="getscreenshot()[pri:0, instance:TESTNG.PriorityEnabled@4a94ee4]" started-at="2022-02-26T06:43:17 IST" name="getscreenshot" finished-at="2022-02-26T06:43:17 IST" duration-ms="1" status="PASS">
          <reporter-output>
          </reporter-output>
        </test-method> <!-- getscreenshot -->
        <test-method is-config="true" signature="deletecookies()[pri:0, instance:TESTNG.PriorityEnabled@4a94ee4]" started-at="2022-02-26T06:43:17 IST" name="deletecookies" finished-at="2022-02-26T06:43:17 IST" duration-ms="0" status="PASS">
          <reporter-output>
          </reporter-output>
        </test-method> <!-- deletecookies -->
        <test-method is-config="true" signature="dbconnectionclosed()[pri:0, instance:TESTNG.PriorityEnabled@4a94ee4]" started-at="2022-02-26T06:43:17 IST" name="dbconnectionclosed" finished-at="2022-02-26T06:43:17 IST" duration-ms="1" status="PASS">
          <reporter-output>
          </reporter-output>
        </test-method> <!-- dbconnectionclosed -->
        <test-method is-config="true" signature="close()[pri:0, instance:TESTNG.PriorityEnabled@4a94ee4]" started-at="2022-02-26T06:43:17 IST" name="close" finished-at="2022-02-26T06:43:18 IST" duration-ms="619" status="PASS">
          <reporter-output>
          </reporter-output>
        </test-method> <!-- close -->
      </class> <!-- TESTNG.PriorityEnabled -->
      <class name="TESTNG.Alphabet">
        <test-method is-config="true" signature="openbrowser()[pri:0, instance:TESTNG.Alphabet@4f6ee6e4]" started-at="2022-02-26T06:42:06 IST" name="openbrowser" finished-at="2022-02-26T06:42:14 IST" duration-ms="7837" status="PASS">
          <reporter-output>
          </reporter-output>
        </test-method> <!-- openbrowser -->
        <test-method is-config="true" signature="enterURL()[pri:0, instance:TESTNG.Alphabet@4f6ee6e4]" started-at="2022-02-26T06:42:15 IST" name="enterURL" finished-at="2022-02-26T06:42:23 IST" duration-ms="7917" status="PASS">
          <reporter-output>
          </reporter-output>
        </test-method> <!-- enterURL -->
        <test-method is-config="true" signature="maxbrowser()[pri:0, instance:TESTNG.Alphabet@4f6ee6e4]" started-at="2022-02-26T06:42:33 IST" name="maxbrowser" finished-at="2022-02-26T06:42:33 IST" duration-ms="260" status="PASS">
          <reporter-output>
          </reporter-output>
        </test-method> <!-- maxbrowser -->
        <test-method is-config="true" signature="getcookies()[pri:0, instance:TESTNG.Alphabet@4f6ee6e4]" started-at="2022-02-26T06:42:33 IST" name="getcookies" finished-at="2022-02-26T06:42:33 IST" duration-ms="2" status="PASS">
          <reporter-output>
          </reporter-output>
        </test-method> <!-- getcookies -->
        <test-method signature="ABC()[pri:0, instance:TESTNG.Alphabet@4f6ee6e4]" started-at="2022-02-26T06:42:33 IST" name="ABC" finished-at="2022-02-26T06:42:56 IST" duration-ms="23348" status="PASS">
          <reporter-output>
          </reporter-output>
        </test-method> <!-- ABC -->
        <test-method is-config="true" signature="getscreenshot()[pri:0, instance:TESTNG.Alphabet@4f6ee6e4]" started-at="2022-02-26T06:42:56 IST" name="getscreenshot" finished-at="2022-02-26T06:42:56 IST" duration-ms="1" status="PASS">
          <reporter-output>
          </reporter-output>
        </test-method> <!-- getscreenshot -->
        <test-method is-config="true" signature="deletecookies()[pri:0, instance:TESTNG.Alphabet@4f6ee6e4]" started-at="2022-02-26T06:42:56 IST" name="deletecookies" finished-at="2022-02-26T06:42:56 IST" duration-ms="1" status="PASS">
          <reporter-output>
          </reporter-output>
        </test-method> <!-- deletecookies -->
        <test-method is-config="true" signature="dbconnectionclosed()[pri:0, instance:TESTNG.Alphabet@4f6ee6e4]" started-at="2022-02-26T06:43:17 IST" name="dbconnectionclosed" finished-at="2022-02-26T06:43:17 IST" duration-ms="1" status="PASS">
          <reporter-output>
          </reporter-output>
        </test-method> <!-- dbconnectionclosed -->
        <test-method is-config="true" signature="close()[pri:0, instance:TESTNG.Alphabet@4f6ee6e4]" started-at="2022-02-26T06:43:17 IST" name="close" finished-at="2022-02-26T06:43:17 IST" duration-ms="768" status="PASS">
          <reporter-output>
          </reporter-output>
        </test-method> <!-- close -->
      </class> <!-- TESTNG.Alphabet -->
    </test> <!-- Test -->
  </suite> <!-- Suite -->
</testng-results>
